<?xml version="1.0" encoding="UTF-8"?>
<testsuite name="TestSuite" time="0.024" tests="40" errors="0" skipped="0" failures="0">
  <properties>
[...]
</properties>
  <testcase name="testCalculateOutputBasedOnName1 on testCalculateOutputBasedOnName1(se.nackademin.examination.examination_jacoco.GameTest)" classname="se.nackademin.examination.examination_jacoco.GameTest" time="0.005"/>
  <testcase name="testCalculateOutputBasedOnName2 on testCalculateOutputBasedOnName2(se.nackademin.examination.examination_jacoco.GameTest)" classname="se.nackademin.examination.examination_jacoco.GameTest" time="0"/>
  <testcase name="testCalculateOutputBasedOnName3 on testCalculateOutputBasedOnName3(se.nackademin.examination.examination_jacoco.GameTest)" classname="se.nackademin.examination.examination_jacoco.GameTest" time="0"/>
  <testcase name="testRun on testRun(se.nackademin.examination.examination_jacoco.GameTest)" classname="se.nackademin.examination.examination_jacoco.GameTest" time="0.004"/>
  <testcase name="testCalculateOutputBasedOnAge on testCalculateOutputBasedOnAge(se.nackademin.examination.examination_jacoco.GameTest)" classname="se.nackademin.examination.examination_jacoco.GameTest" time="0"/>
  <testcase name="testCalculateOutputBasedOnHomeCityForCharA on testCalculateOutputBasedOnHomeCityForCharA(se.nackademin.examination.examination_jacoco.GameTest)" classname="se.nackademin.examination.examination_jacoco.GameTest" time="0"/>
  <testcase name="testCalculateOutputBasedOnHomeCityForCharB on testCalculateOutputBasedOnHomeCityForCharB(se.nackademin.examination.examination_jacoco.GameTest)" classname="se.nackademin.examination.examination_jacoco.GameTest" time="0"/>
  <testcase name="testCalculateOutputBasedOnHomeCityForCharC on testCalculateOutputBasedOnHomeCityForCharC(se.nackademin.examination.examination_jacoco.GameTest)" classname="se.nackademin.examination.examination_jacoco.GameTest" time="0.007"/>
  <testcase name="testCalculateOutputBasedOnHomeCityForCharD on testCalculateOutputBasedOnHomeCityForCharD(se.nackademin.examination.examination_jacoco.GameTest)" classname="se.nackademin.examination.examination_jacoco.GameTest" time="0.001"/>
  <testcase name="testCalculateOutputBasedOnHomeCityForCharE on testCalculateOutputBasedOnHomeCityForCharE(se.nackademin.examination.examination_jacoco.GameTest)" classname="se.nackademin.examination.examination_jacoco.GameTest" time="0"/>
  <testcase name="testCalculateOutputBasedOnHomeCityForCharF on testCalculateOutputBasedOnHomeCityForCharF(se.nackademin.examination.examination_jacoco.GameTest)" classname="se.nackademin.examination.examination_jacoco.GameTest" time="0"/>
  <testcase name="testCalculateOutputBasedOnHomeCityForCharG on testCalculateOutputBasedOnHomeCityForCharG(se.nackademin.examination.examination_jacoco.GameTest)" classname="se.nackademin.examination.examination_jacoco.GameTest" time="0"/>
  <testcase name="testCalculateOutputBasedOnHomeCityForCharH on testCalculateOutputBasedOnHomeCityForCharH(se.nackademin.examination.examination_jacoco.GameTest)" classname="se.nackademin.examination.examination_jacoco.GameTest" time="0"/>
  <testcase name="testCalculateOutputBasedOnHomeCityForCharI on testCalculateOutputBasedOnHomeCityForCharI(se.nackademin.examination.examination_jacoco.GameTest)" classname="se.nackademin.examination.examination_jacoco.GameTest" time="0"/>
  <testcase name="testCalculateOutputBasedOnHomeCityForCharJ on testCalculateOutputBasedOnHomeCityForCharJ(se.nackademin.examination.examination_jacoco.GameTest)" classname="se.nackademin.examination.examination_jacoco.GameTest" time="0"/>
  <testcase name="testCalculateOutputBasedOnHomeCityForCharK on testCalculateOutputBasedOnHomeCityForCharK(se.nackademin.examination.examination_jacoco.GameTest)" classname="se.nackademin.examination.examination_jacoco.GameTest" time="0.001"/>
  <testcase name="testCalculateOutputBasedOnGender1 on testCalculateOutputBasedOnGender1(se.nackademin.examination.examination_jacoco.GameTest)" classname="se.nackademin.examination.examination_jacoco.GameTest" time="0"/>
  <testcase name="testCalculateOutputBasedOnGender2 on testCalculateOutputBasedOnGender2(se.nackademin.examination.examination_jacoco.GameTest)" classname="se.nackademin.examination.examination_jacoco.GameTest" time="0.001"/>
  <testcase name="testCalculateOutputBasedOnGender3 on testCalculateOutputBasedOnGender3(se.nackademin.examination.examination_jacoco.GameTest)" classname="se.nackademin.examination.examination_jacoco.GameTest" time="0"/>
  <testcase name="testGetGenderFromInputValues on testGetGenderFromInputValues(se.nackademin.examination.examination_jacoco.GameTest)" classname="se.nackademin.examination.examination_jacoco.GameTest" time="0.001"/>
  <testcase name="testGetAgeFromInputValues on testGetAgeFromInputValues(se.nackademin.examination.examination_jacoco.GameTest)" classname="se.nackademin.examination.examination_jacoco.GameTest" time="0"/>
  <testcase name="testGenderGettersAndSettersMethods on testGenderGettersAndSettersMethods(se.nackademin.examination.examination_jacoco.ResultsFromInputsTest)" classname="se.nackademin.examination.examination_jacoco.ResultsFromInputsTest" time="0.001"/>
  <testcase name="testNameGettersAndSettersMethods on testNameGettersAndSettersMethods(se.nackademin.examination.examination_jacoco.ResultsFromInputsTest)" classname="se.nackademin.examination.examination_jacoco.ResultsFromInputsTest" time="0"/>
  <testcase name="testHomeCityGettersAndSettersMethods on testHomeCityGettersAndSettersMethods(se.nackademin.examination.examination_jacoco.ResultsFromInputsTest)" classname="se.nackademin.examination.examination_jacoco.ResultsFromInputsTest" time="0"/>
  <testcase name="testAgeGettersAndSettersMethods on testAgeGettersAndSettersMethods(se.nackademin.examination.examination_jacoco.ResultsFromInputsTest)" classname="se.nackademin.examination.examination_jacoco.ResultsFromInputsTest" time="0"/>
  <testcase name="testMainMethod on testMainMethod(se.nackademin.examination.examination_jacoco.MainTest)" classname="se.nackademin.examination.examination_jacoco.MainTest" time="0.002"/>
  <testcase name="testCoversorCity on testCoversorCity(se.nackademin.examination.examination_jacoco.ConversorTest)" classname="se.nackademin.examination.examination_jacoco.ConversorTest" time="0"/>
  <testcase name="testConversorName on testConversorName(se.nackademin.examination.examination_jacoco.ConversorTest)" classname="se.nackademin.examination.examination_jacoco.ConversorTest" time="0"/>
  <testcase name="testCoversorGender on testCoversorGender(se.nackademin.examination.examination_jacoco.ConversorTest)" classname="se.nackademin.examination.examination_jacoco.ConversorTest" time="0"/>
  <testcase name="testConverserAge on testConverserAge(se.nackademin.examination.examination_jacoco.ConversorTest)" classname="se.nackademin.examination.examination_jacoco.ConversorTest" time="0"/>
  <testcase name="testGetResultStringHomeCityAndAge1 on testGetResultStringHomeCityAndAge1(se.nackademin.examination.examination_jacoco.DataAnalysisTest)" classname="se.nackademin.examination.examination_jacoco.DataAnalysisTest" time="0"/>
  <testcase name="testGetResultStringHomeCityAndAge2 on testGetResultStringHomeCityAndAge2(se.nackademin.examination.examination_jacoco.DataAnalysisTest)" classname="se.nackademin.examination.examination_jacoco.DataAnalysisTest" time="0"/>
  <testcase name="testGetResultStringHomeCityAndAge3 on testGetResultStringHomeCityAndAge3(se.nackademin.examination.examination_jacoco.DataAnalysisTest)" classname="se.nackademin.examination.examination_jacoco.DataAnalysisTest" time="0"/>
  <testcase name="testGetResultStringHomeCityAndAge4 on testGetResultStringHomeCityAndAge4(se.nackademin.examination.examination_jacoco.DataAnalysisTest)" classname="se.nackademin.examination.examination_jacoco.DataAnalysisTest" time="0"/>
  <testcase name="testGetResultStringHomeCityAndAge5 on testGetResultStringHomeCityAndAge5(se.nackademin.examination.examination_jacoco.DataAnalysisTest)" classname="se.nackademin.examination.examination_jacoco.DataAnalysisTest" time="0"/>
  <testcase name="testGetResultStringNameAndAge1 on testGetResultStringNameAndAge1(se.nackademin.examination.examination_jacoco.DataAnalysisTest)" classname="se.nackademin.examination.examination_jacoco.DataAnalysisTest" time="0"/>
  <testcase name="testGetResultStringNameAndAge2 on testGetResultStringNameAndAge2(se.nackademin.examination.examination_jacoco.DataAnalysisTest)" classname="se.nackademin.examination.examination_jacoco.DataAnalysisTest" time="0.001"/>
  <testcase name="testGetResultStringNameAndAge3 on testGetResultStringNameAndAge3(se.nackademin.examination.examination_jacoco.DataAnalysisTest)" classname="se.nackademin.examination.examination_jacoco.DataAnalysisTest" time="0"/>
  <testcase name="testBuildFinalStringTest1 on testBuildFinalStringTest1(se.nackademin.examination.examination_jacoco.DataAnalysisTest)" classname="se.nackademin.examination.examination_jacoco.DataAnalysisTest" time="0"/>
  <testcase name="testBuildFinalStringTest2 on testBuildFinalStringTest2(se.nackademin.examination.examination_jacoco.DataAnalysisTest)" classname="se.nackademin.examination.examination_jacoco.DataAnalysisTest" time="0"/>
</testsuite>